<?xml version="1.0" encoding="UTF-8"?>
<testng-results skipped="0" failed="2" total="2" passed="0">
  <reporter-output>
  </reporter-output>
  <suite name="Suite" duration-ms="26503" started-at="2018-08-26T09:52:59Z" finished-at="2018-08-26T09:53:26Z">
    <groups>
    </groups>
    <test name="Test" duration-ms="12049" started-at="2018-08-26T09:52:59Z" finished-at="2018-08-26T09:53:11Z">
      <class name="com.cucumber.tests.MasterTest">
        <test-method status="PASS" signature="setUP()[pri:0, instance:com.cucumber.tests.MasterTest@13fd2ccd]" name="setUP" is-config="true" duration-ms="452" started-at="2018-08-26T15:22:59Z" finished-at="2018-08-26T15:23:00Z">
          <reporter-output>
          </reporter-output>
        </test-method> <!-- setUP -->
        <test-method status="FAIL" signature="login(cucumber.api.testng.CucumberFeatureWrapper)[pri:0, instance:com.cucumber.tests.MasterTest@13fd2ccd]" name="login" duration-ms="8973" started-at="2018-08-26T15:23:00Z" description="login" data-provider="features" finished-at="2018-08-26T15:23:09Z">
          <params>
            <param index="0">
              <value>
                <![CDATA[Login2]]>
              </value>
            </param>
          </params>
          <exception class="cucumber.runtime.CucumberException">
            <message>
              <![CDATA[java.lang.NullPointerException]]>
            </message>
            <full-stacktrace>
              <![CDATA[cucumber.runtime.CucumberException: java.lang.NullPointerException
	at cucumber.api.testng.TestNGCucumberRunner.runCucumber(TestNGCucumberRunner.java:69)
	at com.cucumber.tests.MasterTest.login(MasterTest.java:42)
	at sun.reflect.NativeMethodAccessorImpl.invoke0(Native Method)
	at sun.reflect.NativeMethodAccessorImpl.invoke(NativeMethodAccessorImpl.java:62)
	at sun.reflect.DelegatingMethodAccessorImpl.invoke(DelegatingMethodAccessorImpl.java:43)
	at java.lang.reflect.Method.invoke(Method.java:498)
	at org.testng.internal.MethodInvocationHelper.invokeMethod(MethodInvocationHelper.java:86)
	at org.testng.internal.Invoker.invokeMethod(Invoker.java:643)
	at org.testng.internal.Invoker.invokeTestMethod(Invoker.java:820)
	at org.testng.internal.Invoker.invokeTestMethods(Invoker.java:1128)
	at org.testng.internal.TestMethodWorker.invokeTestMethods(TestMethodWorker.java:129)
	at org.testng.internal.TestMethodWorker.run(TestMethodWorker.java:112)
	at org.testng.TestRunner.privateRun(TestRunner.java:782)
	at org.testng.TestRunner.run(TestRunner.java:632)
	at org.testng.SuiteRunner.runTest(SuiteRunner.java:366)
	at org.testng.SuiteRunner.runSequentially(SuiteRunner.java:361)
	at org.testng.SuiteRunner.privateRun(SuiteRunner.java:319)
	at org.testng.SuiteRunner.run(SuiteRunner.java:268)
	at org.testng.SuiteRunnerWorker.runSuite(SuiteRunnerWorker.java:52)
	at org.testng.SuiteRunnerWorker.run(SuiteRunnerWorker.java:86)
	at org.testng.TestNG.runSuitesSequentially(TestNG.java:1244)
	at org.testng.TestNG.runSuitesLocally(TestNG.java:1169)
	at org.testng.TestNG.run(TestNG.java:1064)
	at org.testng.remote.AbstractRemoteTestNG.run(AbstractRemoteTestNG.java:132)
	at org.testng.remote.RemoteTestNG.initAndRun(RemoteTestNG.java:236)
	at org.testng.remote.RemoteTestNG.main(RemoteTestNG.java:81)
Caused by: java.lang.NullPointerException
	at com.cucumber.pages.LoginPage.enter_password(LoginPage.java:39)
	at ✽.And enter password(TestCases/Login2.feature:6)
]]>
            </full-stacktrace>
          </exception> <!-- cucumber.runtime.CucumberException -->
          <reporter-output>
          </reporter-output>
        </test-method> <!-- login -->
        <test-method status="PASS" signature="setup()[pri:0, instance:com.cucumber.tests.MasterTest@13fd2ccd]" name="setup" is-config="true" duration-ms="17" started-at="2018-08-26T15:23:09Z" finished-at="2018-08-26T15:23:09Z">
          <reporter-output>
          </reporter-output>
        </test-method> <!-- setup -->
        <test-method status="PASS" signature="tearDown()[pri:0, instance:com.cucumber.tests.MasterTest@13fd2ccd]" name="tearDown" is-config="true" duration-ms="2498" started-at="2018-08-26T15:23:09Z" finished-at="2018-08-26T15:23:11Z">
          <reporter-output>
          </reporter-output>
        </test-method> <!-- tearDown -->
      </class> <!-- com.cucumber.tests.MasterTest -->
    </test> <!-- Test -->
    <test name="Testsdfdf" duration-ms="13431" started-at="2018-08-26T09:53:12Z" finished-at="2018-08-26T09:53:26Z">
      <class name="com.cucumber.tests.MasterTest2">
        <test-method status="PASS" signature="setUP()[pri:0, instance:com.cucumber.tests.MasterTest2@6fdbe764]" name="setUP" is-config="true" duration-ms="6964" started-at="2018-08-26T15:23:12Z" finished-at="2018-08-26T15:23:19Z">
          <reporter-output>
          </reporter-output>
        </test-method> <!-- setUP -->
        <test-method status="FAIL" signature="login(cucumber.api.testng.CucumberFeatureWrapper)[pri:0, instance:com.cucumber.tests.MasterTest2@6fdbe764]" name="login" duration-ms="5470" started-at="2018-08-26T15:23:19Z" description="login" data-provider="features" finished-at="2018-08-26T15:23:25Z">
          <params>
            <param index="0">
              <value>
                <![CDATA[Login]]>
              </value>
            </param>
          </params>
          <exception class="cucumber.runtime.CucumberException">
            <message>
              <![CDATA[java.lang.NullPointerException]]>
            </message>
            <full-stacktrace>
              <![CDATA[cucumber.runtime.CucumberException: java.lang.NullPointerException
	at cucumber.api.testng.TestNGCucumberRunner.runCucumber(TestNGCucumberRunner.java:69)
	at com.cucumber.tests.MasterTest2.login(MasterTest2.java:42)
	at sun.reflect.NativeMethodAccessorImpl.invoke0(Native Method)
	at sun.reflect.NativeMethodAccessorImpl.invoke(NativeMethodAccessorImpl.java:62)
	at sun.reflect.DelegatingMethodAccessorImpl.invoke(DelegatingMethodAccessorImpl.java:43)
	at java.lang.reflect.Method.invoke(Method.java:498)
	at org.testng.internal.MethodInvocationHelper.invokeMethod(MethodInvocationHelper.java:86)
	at org.testng.internal.Invoker.invokeMethod(Invoker.java:643)
	at org.testng.internal.Invoker.invokeTestMethod(Invoker.java:820)
	at org.testng.internal.Invoker.invokeTestMethods(Invoker.java:1128)
	at org.testng.internal.TestMethodWorker.invokeTestMethods(TestMethodWorker.java:129)
	at org.testng.internal.TestMethodWorker.run(TestMethodWorker.java:112)
	at org.testng.TestRunner.privateRun(TestRunner.java:782)
	at org.testng.TestRunner.run(TestRunner.java:632)
	at org.testng.SuiteRunner.runTest(SuiteRunner.java:366)
	at org.testng.SuiteRunner.runSequentially(SuiteRunner.java:361)
	at org.testng.SuiteRunner.privateRun(SuiteRunner.java:319)
	at org.testng.SuiteRunner.run(SuiteRunner.java:268)
	at org.testng.SuiteRunnerWorker.runSuite(SuiteRunnerWorker.java:52)
	at org.testng.SuiteRunnerWorker.run(SuiteRunnerWorker.java:86)
	at org.testng.TestNG.runSuitesSequentially(TestNG.java:1244)
	at org.testng.TestNG.runSuitesLocally(TestNG.java:1169)
	at org.testng.TestNG.run(TestNG.java:1064)
	at org.testng.remote.AbstractRemoteTestNG.run(AbstractRemoteTestNG.java:132)
	at org.testng.remote.RemoteTestNG.initAndRun(RemoteTestNG.java:236)
	at org.testng.remote.RemoteTestNG.main(RemoteTestNG.java:81)
Caused by: java.lang.NullPointerException
	at com.cucumber.pages.LoginPage.enter_password(LoginPage.java:39)
	at ✽.And enter password(TestCases/Login.feature:6)
]]>
            </full-stacktrace>
          </exception> <!-- cucumber.runtime.CucumberException -->
          <reporter-output>
          </reporter-output>
        </test-method> <!-- login -->
        <test-method status="PASS" signature="setup()[pri:0, instance:com.cucumber.tests.MasterTest2@6fdbe764]" name="setup" is-config="true" duration-ms="3" started-at="2018-08-26T15:23:25Z" finished-at="2018-08-26T15:23:25Z">
          <reporter-output>
          </reporter-output>
        </test-method> <!-- setup -->
        <test-method status="PASS" signature="tearDown()[pri:0, instance:com.cucumber.tests.MasterTest2@6fdbe764]" name="tearDown" is-config="true" duration-ms="914" started-at="2018-08-26T15:23:25Z" finished-at="2018-08-26T15:23:26Z">
          <reporter-output>
          </reporter-output>
        </test-method> <!-- tearDown -->
      </class> <!-- com.cucumber.tests.MasterTest2 -->
    </test> <!-- Testsdfdf -->
  </suite> <!-- Suite -->
</testng-results>
